------------------------
#define SLOT_LENGTH 1500000 // 1500000
#define MESSAGE_CHUNK_LEN 700 // bits
#define BIT_REPEAT 3 // send each bit
#define ROUNDS 1     // send the whole charater
Average time: 35.51 seconds
Accuracy: 80.00%
Message size: 1208 bytes
Bandwidth: 34.01 bytes/second
-----------------------------------------------------------------
#define SLOT_LENGTH 15000
#define MESSAGE_CHUNK_LEN 700 // bits === 100 ascii chars
#define BIT_REPEAT 3 // send each bit how many times
#define ROUNDS 1     // send the whole payload how many times
Average time: .40 seconds
Accuracy: 64.00%
Message size: 1208 bytes
Bandwidth: 3020.00 bytes/second
-----------------------------------------------------------------
#define SLOT_LENGTH 15000
#define MESSAGE_CHUNK_LEN 700 // bits === 100 ascii chars
#define BIT_REPEAT 5 // send each bit how many times
#define ROUNDS 1     // send the whole payload how many times
Average time: .66 seconds
Accuracy: 42.00%
Message size: 1208 bytes
Bandwidth: 1830.30 bytes/second
-----------------------------------------------------------------
#define SLOT_LENGTH 1500
#define MESSAGE_CHUNK_LEN 700 // bits === 100 ascii chars
#define BIT_REPEAT 3 // send each bit how many times
#define ROUNDS 1     // send the whole payload how many times
Average time: .06 seconds
Accuracy: 56.00%
Message size: 1208 bytes
Bandwidth: 20133.33 bytes/second
-----------------------------------------------------------------
#define SLOT_LENGTH 15000
#define MESSAGE_CHUNK_LEN 700 // bits === 100 ascii chars
#define BIT_REPEAT 5 // send each bit how many times
#define ROUNDS 1     // send the whole payload how many times
Average time: .69 seconds
Accuracy: 39.00%
Message size: 1208 bytes
Bandwidth: 1750.72 bytes/second
-----------------------------------------------------------------
#define SLOT_LENGTH 15000
#define MESSAGE_CHUNK_LEN 700 // bits === 100 ascii chars
#define BIT_REPEAT 5 // send each bit how many times
#define ROUNDS 1     // send the whole payload how many times
Average time: .68 seconds
Accuracy: 48.00%
Message size: 1208 bytes
Bandwidth: 1776.47 bytes/second
-----------------------------------------------------------------
#define SLOT_LENGTH 1500
#define MESSAGE_CHUNK_LEN 700 // bits === 100 ascii chars
#define BIT_REPEAT 5 // send each bit how many times
#define ROUNDS 1     // send the whole payload how many times
Average time: .07 seconds
Accuracy: 50.00%
Message size: 1208 bytes
Bandwidth: 17257.14 bytes/second
-----------------------------------------------------------------
#define SLOT_LENGTH 1500
#define MESSAGE_CHUNK_LEN 700 // bits === 100 ascii chars
#define BIT_REPEAT 3 // send each bit how many times
#define ROUNDS 1     // send the whole payload how many times
Average time: .05 seconds
Accuracy: 51.00%
Message size: 1208 bytes
Bandwidth: 24160.00 bytes/second
-----------------------------------------------------------------
#define SLOT_LENGTH 1500
#define MESSAGE_CHUNK_LEN 700 // bits === 100 ascii chars
#define BIT_REPEAT 7 // send each bit how many times
#define ROUNDS 1     // send the whole payload how many times
Average time: .11 seconds
Accuracy: 49.00%
Message size: 1208 bytes
Bandwidth: 10981.81 bytes/second
-----------------------------------------------------------------
#define SLOT_LENGTH 1500
#define MESSAGE_CHUNK_LEN 700 // bits === 100 ascii chars
#define BIT_REPEAT 9 // send each bit how many times
#define ROUNDS 1     // send the whole payload how many times
Average time: .14 seconds
Accuracy: 53.00%
Message size: 1208 bytes
Bandwidth: 8628.57 bytes/second
-----------------------------------------------------------------
#define SLOT_LENGTH 15000
#define MESSAGE_CHUNK_LEN 700 // bits === 100 ascii chars
#define BIT_REPEAT 9 // send each bit how many times
#define ROUNDS 1     // send the whole payload how many times
Average time: 1.19 seconds
Accuracy: 27.00%
Message size: 1208 bytes
Bandwidth: 1015.12 bytes/second

-----------------------------------------------------------------
#define SLOT_LENGTH 1500
#define MESSAGE_CHUNK_LEN 700 // bits === 100 ascii chars
#define BIT_REPEAT 3 // send each bit how many times
#define ROUNDS 1     // send the whole payload how many times
Average time: .06 seconds
Accuracy: 50.00%
Message size: 1208 bytes
Bandwidth: 20133.33 bytes/second
-----------------------------------------------------------------
#define SLOT_LENGTH 15000
#define MESSAGE_CHUNK_LEN 700 // bits === 100 ascii chars
#define BIT_REPEAT 3 // send each bit how many times
#define ROUNDS 1     // send the whole payload how many times
Average time: .40 seconds
Accuracy: 57.00%
Message size: 1208 bytes
Bandwidth: 3020.00 bytes/second
-----------------------------------------------------------------
#define SLOT_LENGTH 15000
#define MESSAGE_CHUNK_LEN 7000 // bits === 100 ascii chars
#define BIT_REPEAT 3 // send each bit how many times
#define ROUNDS 1     // send the whole payload how many times
Average time: .35 seconds
Accuracy: 82.00%
Message size: 1208 bytes
Bandwidth: 3451.42 bytes/second
-----------------------------------------------------------------
#define SLOT_LENGTH 1500
#define MESSAGE_CHUNK_LEN 7000 // bits === 100 ascii chars
#define BIT_REPEAT 3 // send each bit how many times
#define ROUNDS 1     // send the whole payload how many times
Average time: .04 seconds
Accuracy: 79.00%
Message size: 1208 bytes
Bandwidth: 30200.00 bytes/second
